<?xml version="1.0" encoding="UTF-8"?>
<!-- Generated by org.testng.reporters.JUnitReportReporter -->
<testsuite hostname="SIPL153" failures="0" tests="5" name="PS.CreatePS" time="0.000" errors="0" timestamp="2024-06-07T11:03:17 IST" skipped="5">
  <testcase classname="PS.CreatePS" name="createPSGuarantorDetails" time="0.000">
    <skipped/>
  </testcase> <!-- createPSGuarantorDetails -->
  <system-out/>
  <testcase classname="PS.CreatePS" name="createPSBasicDetails" time="0.000">
    <skipped/>
  </testcase> <!-- createPSBasicDetails -->
  <system-out/>
  <testcase classname="PS.CreatePS" name="createPSPopup" time="0.000">
    <skipped/>
  </testcase> <!-- createPSPopup -->
  <system-out/>
  <testcase classname="PS.CreatePS" name="navigateToHome" time="0.000">
    <skipped/>
  </testcase> <!-- navigateToHome -->
  <system-out/>
  <testcase classname="PS.CreatePS" name="createPSAddressDetails" time="0.000">
    <skipped/>
  </testcase> <!-- createPSAddressDetails -->
  <system-out/>
</testsuite> <!-- PS.CreatePS -->
