<?xml version="1.0" encoding="UTF-8"?>
<!-- Generated by org.testng.reporters.JUnitReportReporter -->
<testsuite hostname="SIPL153" name="SchedulingCalendar.NaviToSchedCalendar" tests="1" failures="0" timestamp="9 Feb 2024 07:24:39 GMT" time="4.584" errors="0">
  <testcase name="navigateToSchedCalendar" time="4.584" classname="SchedulingCalendar.NaviToSchedCalendar"/>
</testsuite> <!-- SchedulingCalendar.NaviToSchedCalendar -->
