<?xml version="1.0" encoding="UTF-8"?>
<!-- Generated by org.testng.reporters.JUnitReportReporter -->
<testsuite skipped="0" hostname="SIPL149" name="BPCRM.Sales" tests="9" failures="0" timestamp="24 May 2024 10:14:40 GMT" time="194.844" errors="0">
  <testcase name="BpcrmNavigation" time="10.072" classname="BPCRM.Sales"/>
  <testcase name="AddAccount" time="53.325" classname="BPCRM.Sales"/>
  <testcase name="SearchCriteria" time="9.427" classname="BPCRM.Sales"/>
  <testcase name="ContactIcon" time="2.293" classname="BPCRM.Sales"/>
  <testcase name="AddContact" time="55.570" classname="BPCRM.Sales"/>
  <testcase name="SalesOpportunityicon" time="2.306" classname="BPCRM.Sales"/>
  <testcase name="AddSalesOpportunity" time="22.673" classname="BPCRM.Sales"/>
  <testcase name="SalesActivityIcon" time="5.324" classname="BPCRM.Sales"/>
  <testcase name="AddSalesActivity" time="33.854" classname="BPCRM.Sales"/>
</testsuite> <!-- BPCRM.Sales -->
