<?xml version="1.0" encoding="UTF-8"?>
<!-- Generated by org.testng.reporters.JUnitReportReporter -->
<testsuite hostname="SIPL153" failures="0" tests="2" name="PS.HomeFilter" time="0.000" errors="0" timestamp="2024-06-07T11:03:17 IST" skipped="2">
  <testcase classname="PS.HomeFilter" name="navigateToHome" time="0.000">
    <skipped/>
  </testcase> <!-- navigateToHome -->
  <system-out/>
  <testcase classname="PS.HomeFilter" name="filterChange" time="0.000">
    <skipped/>
  </testcase> <!-- filterChange -->
  <system-out/>
</testsuite> <!-- PS.HomeFilter -->
