<?xml version="1.0" encoding="UTF-8"?>
<!-- Generated by org.testng.reporters.JUnitReportReporter -->
<testsuite hostname="SIPL153" name="Dcs.CreateDcsAvailabilityUpdate" tests="1" failures="0" timestamp="21 Feb 2024 13:22:44 GMT" time="2.211" errors="0">
  <testcase name="navigateToDcsAvailabilityUpdate" time="2.211" classname="Dcs.CreateDcsAvailabilityUpdate"/>
</testsuite> <!-- Dcs.CreateDcsAvailabilityUpdate -->
