<?xml version="1.0" encoding="UTF-8"?>
<!-- Generated by org.testng.reporters.JUnitReportReporter -->
<testsuite hostname="SIPL153" failures="0" tests="4" name="Dcs.CreateDCS" time="0.000" errors="0" timestamp="2024-06-07T11:03:17 IST" skipped="4">
  <testcase classname="Dcs.CreateDCS" name="CreateDcs_Employment" time="0.000">
    <skipped/>
  </testcase> <!-- CreateDcs_Employment -->
  <system-out/>
  <testcase classname="Dcs.CreateDCS" name="navigateToDcsListing" time="0.000">
    <skipped/>
  </testcase> <!-- navigateToDcsListing -->
  <system-out/>
  <testcase classname="Dcs.CreateDCS" name="createDcs_BasicDetails" time="0.000">
    <skipped/>
  </testcase> <!-- createDcs_BasicDetails -->
  <system-out/>
  <testcase classname="Dcs.CreateDCS" name="navigateToCreateDCS" time="0.000">
    <skipped/>
  </testcase> <!-- navigateToCreateDCS -->
  <system-out/>
</testsuite> <!-- Dcs.CreateDCS -->
