<?xml version="1.0" encoding="UTF-8"?>
<!-- Generated by org.testng.reporters.JUnitReportReporter -->
<testsuite hostname="SIPL153" name="ManageVisits.AddingANewVisit" tests="1" failures="0" timestamp="5 Feb 2024 13:22:02 GMT" time="30.174" errors="0">
  <testcase name="AddAVisit" time="30.174" classname="ManageVisits.AddingANewVisit"/>
</testsuite> <!-- ManageVisits.AddingANewVisit -->
