<?xml version="1.0" encoding="UTF-8"?>
<!-- Generated by org.testng.reporters.JUnitReportReporter -->
<testsuite hostname="SIPL153" name="ManageVisits.NavigateToAssignDCS" tests="1" failures="0" timestamp="29 Mar 2024 06:29:00 GMT" time="33.011" errors="0">
  <testcase name="navigateToADCS" time="33.011" classname="ManageVisits.NavigateToAssignDCS"/>
</testsuite> <!-- ManageVisits.NavigateToAssignDCS -->
