<?xml version="1.0" encoding="UTF-8"?>
<!-- Generated by org.testng.reporters.JUnitReportReporter -->
<testsuite hostname="SIPL153" failures="0" tests="3" name="Scheduling.ManageVisits" time="0.000" errors="0" timestamp="2024-06-07T11:03:17 IST" skipped="3">
  <testcase classname="Scheduling.ManageVisits" name="navigateToManageVisits" time="0.000">
    <skipped/>
  </testcase> <!-- navigateToManageVisits -->
  <system-out/>
  <testcase classname="Scheduling.ManageVisits" name="linkVisits" time="0.000">
    <skipped/>
  </testcase> <!-- linkVisits -->
  <system-out/>
  <testcase classname="Scheduling.ManageVisits" name="Reconciliation" time="0.000">
    <skipped/>
  </testcase> <!-- Reconciliation -->
  <system-out/>
</testsuite> <!-- Scheduling.ManageVisits -->
