<?xml version="1.0" encoding="UTF-8"?>
<!-- Generated by org.testng.reporters.JUnitReportReporter -->
<testsuite hostname="SIPL153" failures="0" tests="2" name="SchedulingCalendar.AddVisitPopUp" time="0.000" errors="0" timestamp="2024-06-07T11:03:17 IST" skipped="2">
  <testcase classname="SchedulingCalendar.AddVisitPopUp" name="openAddVisitsFromFlyOut" time="0.000">
    <skipped/>
  </testcase> <!-- openAddVisitsFromFlyOut -->
  <system-out/>
  <testcase classname="SchedulingCalendar.AddVisitPopUp" name="openAddVisitsFromCalendar" time="0.000">
    <skipped/>
  </testcase> <!-- openAddVisitsFromCalendar -->
  <system-out/>
</testsuite> <!-- SchedulingCalendar.AddVisitPopUp -->
