<?xml version="1.0" encoding="UTF-8"?>
<!-- Generated by org.testng.reporters.JUnitReportReporter -->
<testsuite hostname="SIPL153" failures="0" tests="1" name="ManageVisits.NavigateToManageVisits" time="0.000" errors="0" timestamp="2024-06-07T11:03:17 IST" skipped="1">
  <testcase classname="ManageVisits.NavigateToManageVisits" name="navigateToSchedMgmt" time="0.000">
    <skipped/>
  </testcase> <!-- navigateToSchedMgmt -->
  <system-out/>
</testsuite> <!-- ManageVisits.NavigateToManageVisits -->
