<?xml version="1.0" encoding="UTF-8"?>
<!-- Generated by org.testng.reporters.JUnitReportReporter -->
<testsuite hostname="SIPL153" failures="0" tests="2" name="LoginPage.LoginTest" time="0.000" errors="0" timestamp="2024-06-07T11:03:17 IST" skipped="2">
  <testcase classname="LoginPage.LoginTest" name="navigateToURL" time="0.000">
    <skipped/>
  </testcase> <!-- navigateToURL -->
  <system-out/>
  <testcase classname="LoginPage.LoginTest" name="loginLite" time="0.000">
    <skipped/>
  </testcase> <!-- loginLite -->
  <system-out/>
</testsuite> <!-- LoginPage.LoginTest -->
