<?xml version="1.0" encoding="UTF-8"?>
<!-- Generated by org.testng.reporters.JUnitReportReporter -->
<testsuite hostname="SIPL153" name="SchedulingCalendar.PSSchedulingCalendarCancelVisit" tests="1" failures="0" timestamp="9 Feb 2024 07:24:39 GMT" time="63.703" errors="0">
  <testcase name="navigateToSchedCalendar" time="63.703" classname="SchedulingCalendar.PSSchedulingCalendarCancelVisit"/>
</testsuite> <!-- SchedulingCalendar.PSSchedulingCalendarCancelVisit -->
