<?xml version="1.0" encoding="UTF-8"?>
<!-- Generated by org.testng.reporters.JUnitReportReporter -->
<testsuite hostname="SIPL153" name="Dcs.CreateDcsUnAvailability" tests="1" failures="0" timestamp="21 Feb 2024 13:22:44 GMT" time="107.218" errors="0">
  <testcase name="CreateDcsUnAvailability" time="107.218" classname="Dcs.CreateDcsUnAvailability"/>
</testsuite> <!-- Dcs.CreateDcsUnAvailability -->
