<?xml version="1.0" encoding="UTF-8"?>
<!-- Generated by org.testng.reporters.JUnitReportReporter -->
<testsuite hostname="SIPL153" name="ManageVisits.NavigateToScheduleManagement" tests="1" failures="0" timestamp="29 Mar 2024 06:33:28 GMT" time="9.905" errors="0">
  <testcase name="navigateToSM" time="9.905" classname="ManageVisits.NavigateToScheduleManagement"/>
</testsuite> <!-- ManageVisits.NavigateToScheduleManagement -->
