<?xml version="1.0" encoding="UTF-8"?>
<!-- Generated by org.testng.reporters.JUnitReportReporter -->
<testsuite hostname="LAPTOP-Prasad" failures="0" tests="1" name="Authorization.CreateAuth" time="9.938" errors="0" timestamp="2023-08-30T23:36:38 IST" skipped="0">
  <testcase classname="Authorization.CreateAuth" name="createAuthorization" time="9.938"/>
  <system-out/>
</testsuite> <!-- Authorization.CreateAuth -->
