<?xml version="1.0" encoding="UTF-8"?>
<!-- Generated by org.testng.reporters.JUnitReportReporter -->
<testsuite hostname="LAPTOP-Prasad" failures="0" tests="1" name="ManageVisits.NavigateToSchedMgmt" time="8.115" errors="0" timestamp="2023-11-28T01:37:44 IST" skipped="0">
  <testcase classname="ManageVisits.NavigateToSchedMgmt" name="navigateToSchedMgmt" time="8.115"/>
  <system-out/>
</testsuite> <!-- ManageVisits.NavigateToSchedMgmt -->
