<?xml version="1.0" encoding="UTF-8"?>
<!-- Generated by org.testng.reporters.JUnitReportReporter -->
<testsuite hostname="LAPTOP-Prasad" failures="0" tests="1" name="Utilities.ReadPropFile" time="0.014" errors="0" timestamp="2023-08-10T19:47:14 IST" skipped="0">
  <testcase classname="Utilities.ReadPropFile" name="readProp" time="0.014"/>
  <system-out/>
</testsuite> <!-- Utilities.ReadPropFile -->
