<?xml version="1.0" encoding="UTF-8"?>
<!-- Generated by org.testng.reporters.JUnitReportReporter -->
<testsuite hostname="SIPL153" failures="0" tests="1" name="SchedulingCalendar.AssignDCS" time="0.000" errors="0" timestamp="2024-06-07T11:03:17 IST" skipped="1">
  <testcase classname="SchedulingCalendar.AssignDCS" name="assingDCS" time="0.000">
    <skipped/>
  </testcase> <!-- assingDCS -->
  <system-out/>
</testsuite> <!-- SchedulingCalendar.AssignDCS -->
