<?xml version="1.0" encoding="UTF-8"?>
<!-- Generated by org.testng.reporters.JUnitReportReporter -->
<testsuite hostname="SIPL153" name="ManageVisits.SaveChangesToAVisit" tests="1" failures="0" timestamp="9 Feb 2024 05:30:03 GMT" time="0.970" errors="0">
  <testcase name="SaveChanges" time="0.970" classname="ManageVisits.SaveChangesToAVisit"/>
</testsuite> <!-- ManageVisits.SaveChangesToAVisit -->
