<?xml version="1.0" encoding="UTF-8"?>
<!-- Generated by org.testng.reporters.JUnitReportReporter -->
<testsuite hostname="SIPL153" failures="0" tests="1" name="PS.MultiplePS_Creation" time="0.013" errors="0" timestamp="2024-06-06T16:26:33 IST" skipped="0">
  <testcase classname="PS.MultiplePS_Creation" name="MultiplePS" time="0.013"/>
  <system-out/>
</testsuite> <!-- PS.MultiplePS_Creation -->
