<?xml version="1.0" encoding="UTF-8"?>
<!-- Generated by org.testng.reporters.JUnitReportReporter -->
<testsuite hostname="SIPL153" name="ManageVisits.CancelAVisit" tests="1" failures="0" timestamp="29 Mar 2024 06:33:28 GMT" time="95.119" errors="0">
  <testcase name="cancelAVisit" time="95.119" classname="ManageVisits.CancelAVisit"/>
</testsuite> <!-- ManageVisits.CancelAVisit -->
