<?xml version="1.0" encoding="UTF-8"?>
<!-- Generated by org.testng.reporters.JUnitReportReporter -->
<testsuite hostname="SIPL153" name="ManageVisits.RemoveDcsFromVisit" tests="1" failures="0" timestamp="8 Feb 2024 09:42:07 GMT" time="31.847" errors="0">
  <testcase name="RemoveDcs" time="31.847" classname="ManageVisits.RemoveDcsFromVisit"/>
</testsuite> <!-- ManageVisits.RemoveDcsFromVisit -->
