<?xml version="1.0" encoding="UTF-8"?>
<!-- Generated by org.testng.reporters.JUnitReportReporter -->
<testsuite hostname="SIPL153" name="SchedulingCalendar.SearchInSC" tests="1" failures="0" timestamp="9 Feb 2024 07:24:39 GMT" time="12.883" errors="0">
  <testcase name="filterSCScreen" time="12.883" classname="SchedulingCalendar.SearchInSC"/>
</testsuite> <!-- SchedulingCalendar.SearchInSC -->
