<?xml version="1.0" encoding="UTF-8"?>
<!-- Generated by org.testng.reporters.JUnitReportReporter -->
<testsuite hostname="SIPL153" name="PS.AddCarePlanFromHomeScreen" tests="2" failures="0" timestamp="29 Mar 2024 07:13:31 GMT" time="297.028" errors="0">
  <testcase name="addCarePlan" time="109.969" classname="PS.AddCarePlanFromHomeScreen"/>
  <testcase name="navigateToCarePlanList" time="187.059" classname="PS.AddCarePlanFromHomeScreen"/>
</testsuite> <!-- PS.AddCarePlanFromHomeScreen -->
