<?xml version="1.0" encoding="UTF-8"?>
<!-- Generated by org.testng.reporters.JUnitReportReporter -->
<testsuite hostname="SIPL153" failures="0" tests="3" name="Dcs.CreateDcsAvailability" time="0.000" errors="0" timestamp="2024-06-07T11:03:17 IST" skipped="3">
  <testcase classname="Dcs.CreateDcsAvailability" name="navigateToDcsAvailability" time="0.000">
    <skipped/>
  </testcase> <!-- navigateToDcsAvailability -->
  <system-out/>
  <testcase classname="Dcs.CreateDcsAvailability" name="filterDCS" time="0.000">
    <skipped/>
  </testcase> <!-- filterDCS -->
  <system-out/>
  <testcase classname="Dcs.CreateDcsAvailability" name="createDcsAvailability_Weekly" time="0.000">
    <skipped/>
  </testcase> <!-- createDcsAvailability_Weekly -->
  <system-out/>
</testsuite> <!-- Dcs.CreateDcsAvailability -->
